{
  "stats": {
    "suites": 1,
    "tests": 1,
    "passes": 0,
    "pending": 2,
    "failures": -1,
    "start": "2024-11-30T10:12:16.072Z",
    "end": "2024-11-30T10:12:16.130Z",
    "duration": 58,
    "testsRegistered": 2,
    "passPercent": null,
    "pendingPercent": 100,
    "other": 1,
    "hasOther": true,
    "skipped": 0,
    "hasSkipped": false
  },
  "results": [
    {
      "uuid": "2478ae1e-905d-4920-bcf0-fc91a8b4f75e",
      "title": "",
      "fullFile": "cypress\\integration\\examples\\BDD Framework\\ecom.feature",
      "file": "cypress\\integration\\examples\\BDD Framework\\ecom.feature",
      "beforeHooks": [],
      "afterHooks": [],
      "tests": [],
      "suites": [
        {
          "uuid": "1b3201de-7a10-4f43-b86b-b9c8a6c88760",
          "title": "Ecommerce Product Demo",
          "fullFile": "",
          "file": "",
          "beforeHooks": [],
          "afterHooks": [],
          "tests": [
            {
              "title": "I login and verify the cart",
              "fullTitle": "Ecommerce Product Demo I login and verify the cart",
              "timedOut": null,
              "duration": 0,
              "state": "pending",
              "speed": null,
              "pass": false,
              "fail": false,
              "pending": true,
              "context": null,
              "code": "",
              "err": {},
              "uuid": "58ad0c31-3147-4f4d-bc86-86c595b0b80c",
              "parentUUID": "1b3201de-7a10-4f43-b86b-b9c8a6c88760",
              "isHook": false,
              "skipped": false
            },
            {
              "title": "Login and checking the cart details page",
              "fullTitle": "Ecommerce Product Demo Login and checking the cart details page",
              "timedOut": null,
              "duration": 0,
              "state": "pending",
              "speed": null,
              "pass": false,
              "fail": false,
              "pending": true,
              "context": null,
              "code": "",
              "err": {},
              "uuid": "90af996f-7611-4045-8546-42d69d45ea09",
              "parentUUID": "1b3201de-7a10-4f43-b86b-b9c8a6c88760",
              "isHook": false,
              "skipped": false
            }
          ],
          "suites": [],
          "passes": [],
          "failures": [],
          "pending": [
            "58ad0c31-3147-4f4d-bc86-86c595b0b80c",
            "90af996f-7611-4045-8546-42d69d45ea09"
          ],
          "skipped": [],
          "duration": 0,
          "root": false,
          "rootEmpty": false,
          "_timeout": 2000
        }
      ],
      "passes": [],
      "failures": [],
      "pending": [],
      "skipped": [],
      "duration": 0,
      "root": true,
      "rootEmpty": true,
      "_timeout": 2000
    }
  ],
  "meta": {
    "mocha": {
      "version": "7.0.1"
    },
    "mochawesome": {
      "options": {
        "quiet": false,
        "reportFilename": "mochawesome",
        "saveHtml": false,
        "saveJson": true,
        "consoleReporter": "spec",
        "useInlineDiffs": false,
        "code": true
      },
      "version": "7.1.3"
    },
    "marge": {
      "options": {
        "overwrite": false,
        "html": false,
        "json": true,
        "reportDir": "cypress\\reports\\html\\.jsons"
      },
      "version": "6.2.0"
    }
  }
}